{"level":"warn","message": "ALERT - Primary 61 is started ","Date":"2022-06-02 22:36:20","originServer":"undefined"}
{"level":"warn","message": "Server consumerCancelRegister is starting on mode \"\" production \"\" on process 86 \"\"","Date":"2022-06-02 22:36:21","originServer":"NodeConsumerCancelRegister"}
{"level":"warn","message": "ALERT - Primary 61 is started ","Date":"2022-06-02 22:36:23","originServer":"undefined"}
{"level":"warn","message": "ALERT - Primary 486 is started ","Date":"2022-06-02 22:36:24","originServer":"undefined"}
{"level":"warn","message": "Server NODEAPI  is starting on mode \"\" production \"\"","Date":"2022-06-02 22:36:24","originServer":"nodeAPI"}
{"level":"warn","message": "Server NODEAPI  is starting on mode \"\" production \"\"","Date":"2022-06-02 22:36:24","originServer":"nodeAPI"}
{"level":"warn","message": "Server NODEAPI  is starting on mode \"\" production \"\"","Date":"2022-06-02 22:36:24","originServer":"nodeAPI"}
{"level":"warn","message": "Server NODEAPI  is starting on mode \"\" production \"\"","Date":"2022-06-02 22:36:24","originServer":"nodeAPI"}
{"level":"warn","message": "Server NODEAPI  is starting on mode \"\" production \"\"","Date":"2022-06-02 22:36:24","originServer":"nodeAPI"}
{"level":"warn","message": "Server NODEAPI  is starting on mode \"\" production \"\"","Date":"2022-06-02 22:36:24","originServer":"nodeAPI"}
{"level":"warn","message": "Server NODEAPI  is starting on mode \"\" production \"\"","Date":"2022-06-02 22:36:24","originServer":"nodeAPI"}
{"level":"warn","message": "Server NODEAPI  is starting on mode \"\" production \"\"","Date":"2022-06-02 22:36:24","originServer":"nodeAPI"}
{"level":"warn","message": "Server NODEAPI  is starting on mode \"\" production \"\"","Date":"2022-06-02 22:36:24","originServer":"nodeAPI"}
{"level":"warn","message": "Server NODEAPI  is starting on mode \"\" production \"\"","Date":"2022-06-02 22:36:24","originServer":"nodeAPI"}
{"level":"warn","message": "Server NODEAPI  is starting on mode \"\" production \"\"","Date":"2022-06-02 22:36:24","originServer":"nodeAPI"}
{"level":"warn","message": "Server NODEAPI  is starting on mode \"\" production \"\"","Date":"2022-06-02 22:36:24","originServer":"nodeAPI"}
{"level":"warn","message": "Server consumerCreateUpdateRegister is starting on mode \"\" production \"\" on process 511","Date":"2022-06-02 22:36:25","originServer":"nodeConsumerCreateUpdateRegister"}
{"level":"warn","message": "HTTP =>  url request: /login - ip: 172.20.0.1 - hostname: localhost - result: {\"sucess\":true,\"token\":\"eyJhbGciOiJIUzI1NiIsInR5cCI6IkpXVCJ9.eyJpZCI6MSwiZnVsbE5hbWUiOiJSZWdpc3RlciBSZWdpc3RlciBSZWdpc3RlciIsImlhdCI6MTY1NDIwOTU1MSwiZXhwIjoxNjU0Mjk1OTUxfQ.FuNi4JNcpYpf8JTE6_ZoQKYwjkpkk_lwtQdduGScDzA\",\"result\":[{\"id\":1,\"fullName\":\"Register Register Register\",\"email\":\"register@gmail.com\",\"lastLogin\":\"2022-06-02T18:55:38+00:00\"}]}, 200","Date":"2022-06-02 22:39:11","originServer":"nodeAPI"}
{"level":"warn","message": "ALERT - Primary 61 is started ","Date":"2022-06-02 22:43:20","originServer":"undefined"}
{"level":"warn","message": "Server consumerCancelRegister is starting on mode \"\" production \"\" on process 86 \"\"","Date":"2022-06-02 22:43:20","originServer":"NodeConsumerCancelRegister"}
{"level":"warn","message": "ALERT - Primary 61 is started ","Date":"2022-06-02 22:43:23","originServer":"undefined"}
{"level":"warn","message": "ALERT - Primary 486 is started ","Date":"2022-06-02 22:43:24","originServer":"undefined"}
{"level":"warn","message": "Server NODEAPI  is starting on mode \"\" production \"\"","Date":"2022-06-02 22:43:25","originServer":"nodeAPI"}
{"level":"warn","message": "Server NODEAPI  is starting on mode \"\" production \"\"","Date":"2022-06-02 22:43:25","originServer":"nodeAPI"}
{"level":"warn","message": "Server NODEAPI  is starting on mode \"\" production \"\"","Date":"2022-06-02 22:43:25","originServer":"nodeAPI"}
{"level":"warn","message": "Server NODEAPI  is starting on mode \"\" production \"\"","Date":"2022-06-02 22:43:25","originServer":"nodeAPI"}
{"level":"warn","message": "Server NODEAPI  is starting on mode \"\" production \"\"","Date":"2022-06-02 22:43:25","originServer":"nodeAPI"}
{"level":"warn","message": "Server NODEAPI  is starting on mode \"\" production \"\"","Date":"2022-06-02 22:43:25","originServer":"nodeAPI"}
{"level":"warn","message": "Server NODEAPI  is starting on mode \"\" production \"\"","Date":"2022-06-02 22:43:25","originServer":"nodeAPI"}
{"level":"warn","message": "Server NODEAPI  is starting on mode \"\" production \"\"","Date":"2022-06-02 22:43:25","originServer":"nodeAPI"}
{"level":"warn","message": "Server NODEAPI  is starting on mode \"\" production \"\"","Date":"2022-06-02 22:43:25","originServer":"nodeAPI"}
{"level":"warn","message": "Server NODEAPI  is starting on mode \"\" production \"\"","Date":"2022-06-02 22:43:25","originServer":"nodeAPI"}
{"level":"warn","message": "Server NODEAPI  is starting on mode \"\" production \"\"","Date":"2022-06-02 22:43:25","originServer":"nodeAPI"}
{"level":"warn","message": "Server consumerCreateUpdateRegister is starting on mode \"\" production \"\" on process 511","Date":"2022-06-02 22:43:25","originServer":"nodeConsumerCreateUpdateRegister"}
{"level":"warn","message": "Server NODEAPI  is starting on mode \"\" production \"\"","Date":"2022-06-02 22:43:25","originServer":"nodeAPI"}
{"level":"warn","message": "Rabbitmq => WARN  Due to the event, identified as an 'ERROR' were terminated and we will try again","Date":"2022-06-02 22:43:50","originServer":"NodeConsumerCancelRegister"}
{"level":"warn","message": "HTTP =>  url request: /login - ip: 172.20.0.1 - hostname: localhost - result: {\"sucess\":true,\"token\":\"eyJhbGciOiJIUzI1NiIsInR5cCI6IkpXVCJ9.eyJpZCI6MSwiZnVsbE5hbWUiOiJSZWdpc3RlciBSZWdpc3RlciBSZWdpc3RlciIsImlhdCI6MTY1NDIwOTg4MywiZXhwIjoxNjU0Mjk2MjgzfQ.R-M98Fxk4UA4vfF740481JNDiRuhJaqwgJg9MnpM3Oo\",\"result\":[{\"id\":1,\"fullName\":\"Register Register Register\",\"email\":\"register@gmail.com\",\"lastLogin\":\"2022-06-02T19:39:11+00:00\"}]}, 200","Date":"2022-06-02 22:44:43","originServer":"nodeAPI"}
