{"level":"http","message":"server listening on http://0.0.0.0:3000","timestamp":"2022-05-12 18:11:47:1147"}
{"level":"http","message":"server listening on http://0.0.0.0:3000","timestamp":"2022-05-12 18:11:55:1155"}
{"level":"http","message":"server listening on http://0.0.0.0:3000","timestamp":"2022-05-12 18:16:27:1627"}
{"level":"http","message":"server listening on http://0.0.0.0:3000","timestamp":"2022-05-12 18:21:17:2117"}
{"level":"http","message":"server listening on http://0.0.0.0:3000","timestamp":"2022-05-12 18:21:31:2131"}
{"level":"http","message":"server listening on http://0.0.0.0:3000","timestamp":"2022-05-12 18:21:52:2152"}
{"level":"error","message":"This is an error log","timestamp":"2022-05-12 18:21:53:2153"}
{"level":"warn","message":"This is a warn log","timestamp":"2022-05-12 18:21:53:2153"}
{"level":"info","message":"This is a info log","timestamp":"2022-05-12 18:21:53:2153"}
{"level":"http","message":"This is a http log","timestamp":"2022-05-12 18:21:53:2153"}
{"level":"debug","message":"This is a debug log","timestamp":"2022-05-12 18:21:53:2153"}
{"level":"error","message":"This is an error log","timestamp":"2022-05-12 18:21:54:2154"}
{"level":"warn","message":"This is a warn log","timestamp":"2022-05-12 18:21:54:2154"}
{"level":"info","message":"This is a info log","timestamp":"2022-05-12 18:21:54:2154"}
{"level":"http","message":"This is a http log","timestamp":"2022-05-12 18:21:54:2154"}
{"level":"debug","message":"This is a debug log","timestamp":"2022-05-12 18:21:54:2154"}
{"level":"error","message":"This is an error log","timestamp":"2022-05-12 18:21:54:2154"}
{"level":"warn","message":"This is a warn log","timestamp":"2022-05-12 18:21:54:2154"}
{"level":"info","message":"This is a info log","timestamp":"2022-05-12 18:21:54:2154"}
{"level":"http","message":"This is a http log","timestamp":"2022-05-12 18:21:54:2154"}
{"level":"debug","message":"This is a debug log","timestamp":"2022-05-12 18:21:54:2154"}
{"level":"error","message":"This is an error log","timestamp":"2022-05-12 18:21:54:2154"}
{"level":"warn","message":"This is a warn log","timestamp":"2022-05-12 18:21:54:2154"}
{"level":"info","message":"This is a info log","timestamp":"2022-05-12 18:21:54:2154"}
{"level":"http","message":"This is a http log","timestamp":"2022-05-12 18:21:54:2154"}
{"level":"debug","message":"This is a debug log","timestamp":"2022-05-12 18:21:54:2154"}
{"level":"error","message":"This is an error log","timestamp":"2022-05-12 18:21:54:2154"}
{"level":"warn","message":"This is a warn log","timestamp":"2022-05-12 18:21:54:2154"}
{"level":"info","message":"This is a info log","timestamp":"2022-05-12 18:21:54:2154"}
{"level":"http","message":"This is a http log","timestamp":"2022-05-12 18:21:54:2154"}
{"level":"debug","message":"This is a debug log","timestamp":"2022-05-12 18:21:54:2154"}
{"level":"error","message":"This is an error log","timestamp":"2022-05-12 18:21:55:2155"}
{"level":"warn","message":"This is a warn log","timestamp":"2022-05-12 18:21:55:2155"}
{"level":"info","message":"This is a info log","timestamp":"2022-05-12 18:21:55:2155"}
{"level":"http","message":"This is a http log","timestamp":"2022-05-12 18:21:55:2155"}
{"level":"debug","message":"This is a debug log","timestamp":"2022-05-12 18:21:55:2155"}
{"level":"http","message":"server listening on http://0.0.0.0:3000","timestamp":"2022-05-12 18:23:51:2351"}
{"level":"error","message":"This is an error log","timestamp":"2022-05-12 18:23:53:2353"}
{"level":"warn","message":"This is a warn log","timestamp":"2022-05-12 18:23:53:2353"}
{"level":"info","message":"This is a info log","timestamp":"2022-05-12 18:23:53:2353"}
{"level":"http","message":"This is a http log","timestamp":"2022-05-12 18:23:53:2353"}
{"level":"debug","message":"This is a debug log","timestamp":"2022-05-12 18:23:53:2353"}
{"level":"error","message":"This is an error log","timestamp":"2022-05-12 18:23:54:2354"}
{"level":"warn","message":"This is a warn log","timestamp":"2022-05-12 18:23:54:2354"}
{"level":"info","message":"This is a info log","timestamp":"2022-05-12 18:23:54:2354"}
{"level":"http","message":"This is a http log","timestamp":"2022-05-12 18:23:54:2354"}
{"level":"debug","message":"This is a debug log","timestamp":"2022-05-12 18:23:54:2354"}
{"level":"error","message":"This is an error log","timestamp":"2022-05-12 18:23:54:2354"}
{"level":"warn","message":"This is a warn log","timestamp":"2022-05-12 18:23:54:2354"}
{"level":"info","message":"This is a info log","timestamp":"2022-05-12 18:23:54:2354"}
{"level":"http","message":"This is a http log","timestamp":"2022-05-12 18:23:54:2354"}
{"level":"debug","message":"This is a debug log","timestamp":"2022-05-12 18:23:54:2354"}
{"level":"http","message":"server listening on http://0.0.0.0:3000","timestamp":"2022-05-12 18:24:01:241"}
{"level":"error","message":"This is an error log","timestamp":"2022-05-12 18:24:02:242"}
{"level":"warn","message":"This is a warn log","timestamp":"2022-05-12 18:24:02:242"}
{"level":"info","message":"This is a info log","timestamp":"2022-05-12 18:24:02:242"}
{"level":"http","message":"This is a http log","timestamp":"2022-05-12 18:24:02:242"}
{"level":"debug","message":"This is a debug log","timestamp":"2022-05-12 18:24:02:242"}
{"level":"error","message":"This is an error log","timestamp":"2022-05-12 18:24:02:242"}
{"level":"warn","message":"This is a warn log","timestamp":"2022-05-12 18:24:02:242"}
{"level":"info","message":"This is a info log","timestamp":"2022-05-12 18:24:02:242"}
{"level":"http","message":"This is a http log","timestamp":"2022-05-12 18:24:02:242"}
{"level":"debug","message":"This is a debug log","timestamp":"2022-05-12 18:24:02:242"}
{"level":"error","message":"This is an error log","timestamp":"2022-05-12 18:24:02:242"}
{"level":"warn","message":"This is a warn log","timestamp":"2022-05-12 18:24:02:242"}
{"level":"info","message":"This is a info log","timestamp":"2022-05-12 18:24:02:242"}
{"level":"http","message":"This is a http log","timestamp":"2022-05-12 18:24:02:242"}
{"level":"debug","message":"This is a debug log","timestamp":"2022-05-12 18:24:02:242"}
{"level":"error","message":"This is an error log","timestamp":"2022-05-12 18:24:03:243"}
{"level":"warn","message":"This is a warn log","timestamp":"2022-05-12 18:24:03:243"}
{"level":"info","message":"This is a info log","timestamp":"2022-05-12 18:24:03:243"}
{"level":"http","message":"This is a http log","timestamp":"2022-05-12 18:24:03:243"}
{"level":"debug","message":"This is a debug log","timestamp":"2022-05-12 18:24:03:243"}
{"level":"http","message":"server listening on http://0.0.0.0:3000","timestamp":"2022-05-12 18:29:21:2921"}
{"level":"error","message":"This is an error log","timestamp":"2022-05-12 18:29:24:2924"}
{"level":"warn","message":"This is a warn log","timestamp":"2022-05-12 18:29:24:2924"}
{"level":"info","message":"This is a info log","timestamp":"2022-05-12 18:29:24:2924"}
{"level":"http","message":"This is a http log","timestamp":"2022-05-12 18:29:24:2924"}
{"level":"debug","message":"This is a debug log","timestamp":"2022-05-12 18:29:24:2924"}
{"level":"error","message":"This is an error log","timestamp":"2022-05-12 18:29:24:2924"}
{"level":"warn","message":"This is a warn log","timestamp":"2022-05-12 18:29:24:2924"}
{"level":"info","message":"This is a info log","timestamp":"2022-05-12 18:29:24:2924"}
{"level":"http","message":"This is a http log","timestamp":"2022-05-12 18:29:24:2924"}
{"level":"debug","message":"This is a debug log","timestamp":"2022-05-12 18:29:24:2924"}
{"level":"error","message":"This is an error log","timestamp":"2022-05-12 18:29:25:2925"}
{"level":"warn","message":"This is a warn log","timestamp":"2022-05-12 18:29:25:2925"}
{"level":"info","message":"This is a info log","timestamp":"2022-05-12 18:29:25:2925"}
{"level":"http","message":"This is a http log","timestamp":"2022-05-12 18:29:25:2925"}
{"level":"debug","message":"This is a debug log","timestamp":"2022-05-12 18:29:25:2925"}
{"level":"error","message":"This is an error log","timestamp":"2022-05-12 18:29:25:2925"}
{"level":"warn","message":"This is a warn log","timestamp":"2022-05-12 18:29:25:2925"}
{"level":"info","message":"This is a info log","timestamp":"2022-05-12 18:29:25:2925"}
{"level":"http","message":"This is a http log","timestamp":"2022-05-12 18:29:25:2925"}
{"level":"debug","message":"This is a debug log","timestamp":"2022-05-12 18:29:25:2925"}
{"level":"error","message":"This is an error log","timestamp":"2022-05-12 18:29:25:2925"}
{"level":"warn","message":"This is a warn log","timestamp":"2022-05-12 18:29:25:2925"}
{"level":"info","message":"This is a info log","timestamp":"2022-05-12 18:29:25:2925"}
{"level":"http","message":"This is a http log","timestamp":"2022-05-12 18:29:25:2925"}
{"level":"debug","message":"This is a debug log","timestamp":"2022-05-12 18:29:25:2925"}
{"level":"http","message":"server listening on http://0.0.0.0:3000","timestamp":"2022-05-12 18:32:22:3222"}
{"level":"error","message":"This is an error log","timestamp":"2022-05-12 18:32:27:3227"}
{"level":"warn","message":"This is a warn log","timestamp":"2022-05-12 18:32:27:3227"}
{"level":"info","message":"This is a info log","timestamp":"2022-05-12 18:32:27:3227"}
{"level":"http","message":"This is a http log","timestamp":"2022-05-12 18:32:27:3227"}
{"level":"debug","message":"This is a debug log","timestamp":"2022-05-12 18:32:27:3227"}
{"level":"error","message":"This is an error log","timestamp":"2022-05-12 18:32:27:3227"}
{"level":"warn","message":"This is a warn log","timestamp":"2022-05-12 18:32:27:3227"}
{"level":"info","message":"This is a info log","timestamp":"2022-05-12 18:32:27:3227"}
{"level":"http","message":"This is a http log","timestamp":"2022-05-12 18:32:27:3227"}
{"level":"debug","message":"This is a debug log","timestamp":"2022-05-12 18:32:27:3227"}
{"level":"error","message":"This is an error log","timestamp":"2022-05-12 18:32:27:3227"}
{"level":"warn","message":"This is a warn log","timestamp":"2022-05-12 18:32:27:3227"}
{"level":"info","message":"This is a info log","timestamp":"2022-05-12 18:32:27:3227"}
{"level":"http","message":"This is a http log","timestamp":"2022-05-12 18:32:27:3227"}
{"level":"debug","message":"This is a debug log","timestamp":"2022-05-12 18:32:27:3227"}
{"level":"http","message":"server listening on http://0.0.0.0:3000","timestamp":"2022-05-12 18:35:25:3525"}
{"level":"error","message":"This is an error log","timestamp":"2022-05-12 18:35:27:3527"}
{"level":"warn","message":"This is a warn log","timestamp":"2022-05-12 18:35:27:3527"}
{"level":"info","message":"This is a info log","timestamp":"2022-05-12 18:35:27:3527"}
{"level":"http","message":"This is a http log","timestamp":"2022-05-12 18:35:27:3527"}
{"level":"debug","message":"This is a debug log","timestamp":"2022-05-12 18:35:27:3527"}
{"level":"error","message":"This is an error log","timestamp":"2022-05-12 18:35:27:3527"}
{"level":"warn","message":"This is a warn log","timestamp":"2022-05-12 18:35:27:3527"}
{"level":"info","message":"This is a info log","timestamp":"2022-05-12 18:35:27:3527"}
{"level":"http","message":"This is a http log","timestamp":"2022-05-12 18:35:27:3527"}
{"level":"debug","message":"This is a debug log","timestamp":"2022-05-12 18:35:27:3527"}
{"level":"error","message":"This is an error log","timestamp":"2022-05-12 18:35:27:3527"}
{"level":"warn","message":"This is a warn log","timestamp":"2022-05-12 18:35:27:3527"}
{"level":"info","message":"This is a info log","timestamp":"2022-05-12 18:35:27:3527"}
{"level":"http","message":"This is a http log","timestamp":"2022-05-12 18:35:27:3527"}
{"level":"debug","message":"This is a debug log","timestamp":"2022-05-12 18:35:27:3527"}
{"level":"error","message":"This is an error log","timestamp":"2022-05-12 18:35:27:3527"}
{"level":"warn","message":"This is a warn log","timestamp":"2022-05-12 18:35:27:3527"}
{"level":"info","message":"This is a info log","timestamp":"2022-05-12 18:35:27:3527"}
{"level":"http","message":"This is a http log","timestamp":"2022-05-12 18:35:27:3527"}
{"level":"debug","message":"This is a debug log","timestamp":"2022-05-12 18:35:27:3527"}
{"level":"http","message":"server listening on http://0.0.0.0:3000","timestamp":"2022-05-12 18:35:39:3539"}
{"level":"error","message":"This is an error log","timestamp":"2022-05-12 18:35:39:3539"}
{"level":"warn","message":"This is a warn log","timestamp":"2022-05-12 18:35:39:3539"}
{"level":"info","message":"This is a info log","timestamp":"2022-05-12 18:35:39:3539"}
{"level":"http","message":"This is a http log","timestamp":"2022-05-12 18:35:39:3539"}
{"level":"debug","message":"This is a debug log","timestamp":"2022-05-12 18:35:39:3539"}
{"level":"error","message":"This is an error log","timestamp":"2022-05-12 18:35:39:3539"}
{"level":"warn","message":"This is a warn log","timestamp":"2022-05-12 18:35:39:3539"}
{"level":"info","message":"This is a info log","timestamp":"2022-05-12 18:35:39:3539"}
{"level":"http","message":"This is a http log","timestamp":"2022-05-12 18:35:39:3539"}
{"level":"debug","message":"This is a debug log","timestamp":"2022-05-12 18:35:39:3539"}
{"level":"error","message":"This is an error log","timestamp":"2022-05-12 18:35:40:3540"}
{"level":"warn","message":"This is a warn log","timestamp":"2022-05-12 18:35:40:3540"}
{"level":"info","message":"This is a info log","timestamp":"2022-05-12 18:35:40:3540"}
{"level":"http","message":"This is a http log","timestamp":"2022-05-12 18:35:40:3540"}
{"level":"debug","message":"This is a debug log","timestamp":"2022-05-12 18:35:40:3540"}
{"level":"error","message":"This is an error log","timestamp":"2022-05-12 18:35:40:3540"}
{"level":"warn","message":"This is a warn log","timestamp":"2022-05-12 18:35:40:3540"}
{"level":"info","message":"This is a info log","timestamp":"2022-05-12 18:35:40:3540"}
{"level":"http","message":"This is a http log","timestamp":"2022-05-12 18:35:40:3540"}
{"level":"debug","message":"This is a debug log","timestamp":"2022-05-12 18:35:40:3540"}
{"level":"error","message":"This is an error log","timestamp":"2022-05-12 18:35:40:3540"}
{"level":"warn","message":"This is a warn log","timestamp":"2022-05-12 18:35:40:3540"}
{"level":"info","message":"This is a info log","timestamp":"2022-05-12 18:35:40:3540"}
{"level":"http","message":"This is a http log","timestamp":"2022-05-12 18:35:40:3540"}
{"level":"debug","message":"This is a debug log","timestamp":"2022-05-12 18:35:40:3540"}
{"level":"error","message":"This is an error log","timestamp":"2022-05-12 18:35:40:3540"}
{"level":"warn","message":"This is a warn log","timestamp":"2022-05-12 18:35:40:3540"}
{"level":"info","message":"This is a info log","timestamp":"2022-05-12 18:35:40:3540"}
{"level":"http","message":"This is a http log","timestamp":"2022-05-12 18:35:40:3540"}
{"level":"debug","message":"This is a debug log","timestamp":"2022-05-12 18:35:40:3540"}
{"level":"error","message":"This is an error log","timestamp":"2022-05-12 18:35:41:3541"}
{"level":"warn","message":"This is a warn log","timestamp":"2022-05-12 18:35:41:3541"}
{"level":"info","message":"This is a info log","timestamp":"2022-05-12 18:35:41:3541"}
{"level":"http","message":"This is a http log","timestamp":"2022-05-12 18:35:41:3541"}
{"level":"debug","message":"This is a debug log","timestamp":"2022-05-12 18:35:41:3541"}
{"level":"http","message":"server listening on http://0.0.0.0:3000","timestamp":"2022-05-12 18:39:18:3918"}
{"level":"error","message":"This is an error log","timestamp":"2022-05-12 18:39:22:3922"}
{"level":"warn","message":"This is a warn log","timestamp":"2022-05-12 18:39:22:3922"}
{"level":"info","message":"This is a info log","timestamp":"2022-05-12 18:39:22:3922"}
{"level":"http","message":"This is a http log","timestamp":"2022-05-12 18:39:22:3922"}
{"level":"debug","message":"This is a debug log","timestamp":"2022-05-12 18:39:22:3922"}
{"level":"error","message":"This is an error log","timestamp":"2022-05-12 18:39:22:3922"}
{"level":"warn","message":"This is a warn log","timestamp":"2022-05-12 18:39:22:3922"}
{"level":"info","message":"This is a info log","timestamp":"2022-05-12 18:39:22:3922"}
{"level":"http","message":"This is a http log","timestamp":"2022-05-12 18:39:22:3922"}
{"level":"debug","message":"This is a debug log","timestamp":"2022-05-12 18:39:22:3922"}
{"level":"error","message":"This is an error log","timestamp":"2022-05-12 18:39:23:3923"}
{"level":"warn","message":"This is a warn log","timestamp":"2022-05-12 18:39:23:3923"}
{"level":"info","message":"This is a info log","timestamp":"2022-05-12 18:39:23:3923"}
{"level":"http","message":"This is a http log","timestamp":"2022-05-12 18:39:23:3923"}
{"level":"debug","message":"This is a debug log","timestamp":"2022-05-12 18:39:23:3923"}
{"level":"error","message":"This is an error log","timestamp":"2022-05-12 18:39:23:3923"}
{"level":"warn","message":"This is a warn log","timestamp":"2022-05-12 18:39:23:3923"}
{"level":"info","message":"This is a info log","timestamp":"2022-05-12 18:39:23:3923"}
{"level":"http","message":"This is a http log","timestamp":"2022-05-12 18:39:23:3923"}
{"level":"debug","message":"This is a debug log","timestamp":"2022-05-12 18:39:23:3923"}
{"level":"error","message":"This is an error log","timestamp":"2022-05-12 18:39:23:3923"}
{"level":"warn","message":"This is a warn log","timestamp":"2022-05-12 18:39:23:3923"}
{"level":"info","message":"This is a info log","timestamp":"2022-05-12 18:39:23:3923"}
{"level":"http","message":"This is a http log","timestamp":"2022-05-12 18:39:23:3923"}
{"level":"debug","message":"This is a debug log","timestamp":"2022-05-12 18:39:23:3923"}
{"level":"error","message":"This is an error log","timestamp":"2022-05-12 18:39:23:3923"}
{"level":"warn","message":"This is a warn log","timestamp":"2022-05-12 18:39:23:3923"}
{"level":"info","message":"This is a info log","timestamp":"2022-05-12 18:39:23:3923"}
{"level":"http","message":"This is a http log","timestamp":"2022-05-12 18:39:23:3923"}
{"level":"debug","message":"This is a debug log","timestamp":"2022-05-12 18:39:23:3923"}
{"level":"error","message":"This is an error log","timestamp":"2022-05-12 18:39:23:3923"}
{"level":"warn","message":"This is a warn log","timestamp":"2022-05-12 18:39:23:3923"}
{"level":"info","message":"This is a info log","timestamp":"2022-05-12 18:39:23:3923"}
{"level":"http","message":"This is a http log","timestamp":"2022-05-12 18:39:23:3923"}
{"level":"debug","message":"This is a debug log","timestamp":"2022-05-12 18:39:23:3923"}
{"level":"http","message":"server listening on http://0.0.0.0:3000","timestamp":"2022-05-12 18:39:34:3934"}
{"level":"error","message":"This is an error log","timestamp":"2022-05-12 18:39:36:3936"}
{"level":"warn","message":"This is a warn log","timestamp":"2022-05-12 18:39:36:3936"}
{"level":"info","message":"This is a info log","timestamp":"2022-05-12 18:39:36:3936"}
{"level":"http","message":"This is a http log","timestamp":"2022-05-12 18:39:36:3936"}
{"level":"debug","message":"This is a debug log","timestamp":"2022-05-12 18:39:36:3936"}
{"level":"error","message":"This is an error log","timestamp":"2022-05-12 18:39:36:3936"}
{"level":"warn","message":"This is a warn log","timestamp":"2022-05-12 18:39:36:3936"}
{"level":"info","message":"This is a info log","timestamp":"2022-05-12 18:39:36:3936"}
{"level":"http","message":"This is a http log","timestamp":"2022-05-12 18:39:36:3936"}
{"level":"debug","message":"This is a debug log","timestamp":"2022-05-12 18:39:36:3936"}
{"level":"error","message":"This is an error log","timestamp":"2022-05-12 18:39:37:3937"}
{"level":"warn","message":"This is a warn log","timestamp":"2022-05-12 18:39:37:3937"}
{"level":"info","message":"This is a info log","timestamp":"2022-05-12 18:39:37:3937"}
{"level":"http","message":"This is a http log","timestamp":"2022-05-12 18:39:37:3937"}
{"level":"debug","message":"This is a debug log","timestamp":"2022-05-12 18:39:37:3937"}
{"level":"error","message":"This is an error log","timestamp":"2022-05-12 18:39:37:3937"}
{"level":"warn","message":"This is a warn log","timestamp":"2022-05-12 18:39:37:3937"}
{"level":"info","message":"This is a info log","timestamp":"2022-05-12 18:39:37:3937"}
{"level":"http","message":"This is a http log","timestamp":"2022-05-12 18:39:37:3937"}
{"level":"debug","message":"This is a debug log","timestamp":"2022-05-12 18:39:37:3937"}
{"level":"error","message":"This is an error log","timestamp":"2022-05-12 18:39:37:3937"}
{"level":"warn","message":"This is a warn log","timestamp":"2022-05-12 18:39:37:3937"}
{"level":"info","message":"This is a info log","timestamp":"2022-05-12 18:39:37:3937"}
{"level":"http","message":"This is a http log","timestamp":"2022-05-12 18:39:37:3937"}
{"level":"debug","message":"This is a debug log","timestamp":"2022-05-12 18:39:37:3937"}
{"level":"error","message":"This is an error log","timestamp":"2022-05-12 18:39:37:3937"}
{"level":"warn","message":"This is a warn log","timestamp":"2022-05-12 18:39:37:3937"}
{"level":"info","message":"This is a info log","timestamp":"2022-05-12 18:39:37:3937"}
{"level":"http","message":"This is a http log","timestamp":"2022-05-12 18:39:37:3937"}
{"level":"debug","message":"This is a debug log","timestamp":"2022-05-12 18:39:37:3937"}
{"level":"error","message":"This is an error log","timestamp":"2022-05-12 18:39:37:3937"}
{"level":"warn","message":"This is a warn log","timestamp":"2022-05-12 18:39:37:3937"}
{"level":"info","message":"This is a info log","timestamp":"2022-05-12 18:39:37:3937"}
{"level":"http","message":"This is a http log","timestamp":"2022-05-12 18:39:37:3937"}
{"level":"debug","message":"This is a debug log","timestamp":"2022-05-12 18:39:37:3937"}
{"level":"error","message":"This is an error log","timestamp":"2022-05-12 18:39:37:3937"}
{"level":"warn","message":"This is a warn log","timestamp":"2022-05-12 18:39:37:3937"}
{"level":"info","message":"This is a info log","timestamp":"2022-05-12 18:39:37:3937"}
{"level":"http","message":"This is a http log","timestamp":"2022-05-12 18:39:37:3937"}
{"level":"debug","message":"This is a debug log","timestamp":"2022-05-12 18:39:37:3937"}
{"level":"error","message":"This is an error log","timestamp":"2022-05-12 18:39:38:3938"}
{"level":"warn","message":"This is a warn log","timestamp":"2022-05-12 18:39:38:3938"}
{"level":"info","message":"This is a info log","timestamp":"2022-05-12 18:39:38:3938"}
{"level":"http","message":"This is a http log","timestamp":"2022-05-12 18:39:38:3938"}
{"level":"debug","message":"This is a debug log","timestamp":"2022-05-12 18:39:38:3938"}
{"level":"error","message":"This is an error log","timestamp":"2022-05-12 18:39:38:3938"}
{"level":"warn","message":"This is a warn log","timestamp":"2022-05-12 18:39:38:3938"}
{"level":"info","message":"This is a info log","timestamp":"2022-05-12 18:39:38:3938"}
{"level":"http","message":"This is a http log","timestamp":"2022-05-12 18:39:38:3938"}
{"level":"debug","message":"This is a debug log","timestamp":"2022-05-12 18:39:38:3938"}
{"level":"error","message":"This is an error log","timestamp":"2022-05-12 18:39:38:3938"}
{"level":"warn","message":"This is a warn log","timestamp":"2022-05-12 18:39:38:3938"}
{"level":"info","message":"This is a info log","timestamp":"2022-05-12 18:39:38:3938"}
{"level":"http","message":"This is a http log","timestamp":"2022-05-12 18:39:38:3938"}
{"level":"debug","message":"This is a debug log","timestamp":"2022-05-12 18:39:38:3938"}
{"level":"error","message":"This is an error log","timestamp":"2022-05-12 18:39:38:3938"}
{"level":"warn","message":"This is a warn log","timestamp":"2022-05-12 18:39:38:3938"}
{"level":"info","message":"This is a info log","timestamp":"2022-05-12 18:39:38:3938"}
{"level":"http","message":"This is a http log","timestamp":"2022-05-12 18:39:38:3938"}
{"level":"debug","message":"This is a debug log","timestamp":"2022-05-12 18:39:38:3938"}
{"level":"error","message":"This is an error log","timestamp":"2022-05-12 18:39:38:3938"}
{"level":"warn","message":"This is a warn log","timestamp":"2022-05-12 18:39:38:3938"}
{"level":"info","message":"This is a info log","timestamp":"2022-05-12 18:39:38:3938"}
{"level":"http","message":"This is a http log","timestamp":"2022-05-12 18:39:38:3938"}
{"level":"debug","message":"This is a debug log","timestamp":"2022-05-12 18:39:38:3938"}
{"level":"error","message":"This is an error log","timestamp":"2022-05-12 18:39:38:3938"}
{"level":"warn","message":"This is a warn log","timestamp":"2022-05-12 18:39:38:3938"}
{"level":"info","message":"This is a info log","timestamp":"2022-05-12 18:39:38:3938"}
{"level":"http","message":"This is a http log","timestamp":"2022-05-12 18:39:38:3938"}
{"level":"debug","message":"This is a debug log","timestamp":"2022-05-12 18:39:38:3938"}
{"level":"http","message":"server listening on http://0.0.0.0:3000","timestamp":"2022-05-12 18:39:45:3945"}
{"level":"error","message":"This is an error log","timestamp":"2022-05-12 18:39:46:3946"}
{"level":"warn","message":"This is a warn log","timestamp":"2022-05-12 18:39:46:3946"}
{"level":"info","message":"This is a info log","timestamp":"2022-05-12 18:39:46:3946"}
{"level":"http","message":"This is a http log","timestamp":"2022-05-12 18:39:46:3946"}
{"level":"debug","message":"This is a debug log","timestamp":"2022-05-12 18:39:46:3946"}
{"level":"error","message":"This is an error log","timestamp":"2022-05-12 18:39:47:3947"}
{"level":"warn","message":"This is a warn log","timestamp":"2022-05-12 18:39:47:3947"}
{"level":"info","message":"This is a info log","timestamp":"2022-05-12 18:39:47:3947"}
{"level":"http","message":"This is a http log","timestamp":"2022-05-12 18:39:47:3947"}
{"level":"debug","message":"This is a debug log","timestamp":"2022-05-12 18:39:47:3947"}
{"level":"error","message":"This is an error log","timestamp":"2022-05-12 18:39:47:3947"}
{"level":"warn","message":"This is a warn log","timestamp":"2022-05-12 18:39:47:3947"}
{"level":"info","message":"This is a info log","timestamp":"2022-05-12 18:39:47:3947"}
{"level":"http","message":"This is a http log","timestamp":"2022-05-12 18:39:47:3947"}
{"level":"debug","message":"This is a debug log","timestamp":"2022-05-12 18:39:47:3947"}
{"level":"error","message":"This is an error log","timestamp":"2022-05-12 18:39:47:3947"}
{"level":"warn","message":"This is a warn log","timestamp":"2022-05-12 18:39:47:3947"}
{"level":"info","message":"This is a info log","timestamp":"2022-05-12 18:39:47:3947"}
{"level":"http","message":"This is a http log","timestamp":"2022-05-12 18:39:47:3947"}
{"level":"debug","message":"This is a debug log","timestamp":"2022-05-12 18:39:47:3947"}
{"level":"error","message":"This is an error log","timestamp":"2022-05-12 18:39:47:3947"}
{"level":"warn","message":"This is a warn log","timestamp":"2022-05-12 18:39:47:3947"}
{"level":"info","message":"This is a info log","timestamp":"2022-05-12 18:39:47:3947"}
{"level":"http","message":"This is a http log","timestamp":"2022-05-12 18:39:47:3947"}
{"level":"debug","message":"This is a debug log","timestamp":"2022-05-12 18:39:47:3947"}
{"level":"error","message":"This is an error log","timestamp":"2022-05-12 18:39:47:3947"}
{"level":"warn","message":"This is a warn log","timestamp":"2022-05-12 18:39:47:3947"}
{"level":"info","message":"This is a info log","timestamp":"2022-05-12 18:39:47:3947"}
{"level":"http","message":"This is a http log","timestamp":"2022-05-12 18:39:47:3947"}
{"level":"debug","message":"This is a debug log","timestamp":"2022-05-12 18:39:47:3947"}
{"level":"error","message":"This is an error log","timestamp":"2022-05-12 18:39:47:3947"}
{"level":"warn","message":"This is a warn log","timestamp":"2022-05-12 18:39:47:3947"}
{"level":"info","message":"This is a info log","timestamp":"2022-05-12 18:39:47:3947"}
{"level":"http","message":"This is a http log","timestamp":"2022-05-12 18:39:47:3947"}
{"level":"debug","message":"This is a debug log","timestamp":"2022-05-12 18:39:47:3947"}
{"level":"error","message":"This is an error log","timestamp":"2022-05-12 18:39:48:3948"}
{"level":"warn","message":"This is a warn log","timestamp":"2022-05-12 18:39:48:3948"}
{"level":"info","message":"This is a info log","timestamp":"2022-05-12 18:39:48:3948"}
{"level":"http","message":"This is a http log","timestamp":"2022-05-12 18:39:48:3948"}
{"level":"debug","message":"This is a debug log","timestamp":"2022-05-12 18:39:48:3948"}
{"level":"http","message":"server listening on http://0.0.0.0:3000","timestamp":"2022-05-12 18:39:52:3952"}
{"level":"error","message":"This is an error log","timestamp":"2022-05-12 18:39:53:3953"}
{"level":"warn","message":"This is a warn log","timestamp":"2022-05-12 18:39:53:3953"}
{"level":"info","message":"This is a info log","timestamp":"2022-05-12 18:39:53:3953"}
{"level":"http","message":"This is a http log","timestamp":"2022-05-12 18:39:53:3953"}
{"level":"debug","message":"This is a debug log","timestamp":"2022-05-12 18:39:53:3953"}
{"level":"error","message":"This is an error log","timestamp":"2022-05-12 18:39:53:3953"}
{"level":"warn","message":"This is a warn log","timestamp":"2022-05-12 18:39:53:3953"}
{"level":"info","message":"This is a info log","timestamp":"2022-05-12 18:39:53:3953"}
{"level":"http","message":"This is a http log","timestamp":"2022-05-12 18:39:53:3953"}
{"level":"debug","message":"This is a debug log","timestamp":"2022-05-12 18:39:53:3953"}
{"level":"error","message":"This is an error log","timestamp":"2022-05-12 18:39:53:3953"}
{"level":"warn","message":"This is a warn log","timestamp":"2022-05-12 18:39:53:3953"}
{"level":"info","message":"This is a info log","timestamp":"2022-05-12 18:39:53:3953"}
{"level":"http","message":"This is a http log","timestamp":"2022-05-12 18:39:53:3953"}
{"level":"debug","message":"This is a debug log","timestamp":"2022-05-12 18:39:53:3953"}
{"level":"error","message":"This is an error log","timestamp":"2022-05-12 18:39:53:3953"}
{"level":"warn","message":"This is a warn log","timestamp":"2022-05-12 18:39:53:3953"}
{"level":"info","message":"This is a info log","timestamp":"2022-05-12 18:39:53:3953"}
{"level":"http","message":"This is a http log","timestamp":"2022-05-12 18:39:53:3953"}
{"level":"debug","message":"This is a debug log","timestamp":"2022-05-12 18:39:53:3953"}
{"level":"error","message":"This is an error log","timestamp":"2022-05-12 18:39:53:3953"}
{"level":"warn","message":"This is a warn log","timestamp":"2022-05-12 18:39:53:3953"}
{"level":"info","message":"This is a info log","timestamp":"2022-05-12 18:39:53:3953"}
{"level":"http","message":"This is a http log","timestamp":"2022-05-12 18:39:53:3953"}
{"level":"debug","message":"This is a debug log","timestamp":"2022-05-12 18:39:53:3953"}
{"level":"http","message":"server listening on http://0.0.0.0:3000","timestamp":"2022-05-12 18:50:42:5042"}
{"level":"http","message":"server listening on http://0.0.0.0:3000","timestamp":"2022-05-12 19:15:59:1559"}
{"level":"error","message":"This is an error log","timestamp":"2022-05-12 19:16:04:164"}
{"level":"warn","message":"This is a warn log","timestamp":"2022-05-12 19:16:04:164"}
{"level":"info","message":"This is a info log","timestamp":"2022-05-12 19:16:04:164"}
{"level":"http","message":"This is a http log","timestamp":"2022-05-12 19:16:04:164"}
{"level":"debug","message":"This is a debug log","timestamp":"2022-05-12 19:16:04:164"}
{"level":"error","message":"This is an error log","timestamp":"2022-05-12 19:16:04:164"}
{"level":"warn","message":"This is a warn log","timestamp":"2022-05-12 19:16:04:164"}
{"level":"info","message":"This is a info log","timestamp":"2022-05-12 19:16:04:164"}
{"level":"http","message":"This is a http log","timestamp":"2022-05-12 19:16:04:164"}
{"level":"debug","message":"This is a debug log","timestamp":"2022-05-12 19:16:04:164"}
{"level":"error","message":"This is an error log","timestamp":"2022-05-12 19:16:05:165"}
{"level":"warn","message":"This is a warn log","timestamp":"2022-05-12 19:16:05:165"}
{"level":"info","message":"This is a info log","timestamp":"2022-05-12 19:16:05:165"}
{"level":"http","message":"This is a http log","timestamp":"2022-05-12 19:16:05:165"}
{"level":"debug","message":"This is a debug log","timestamp":"2022-05-12 19:16:05:165"}
{"level":"error","message":"This is an error log","timestamp":"2022-05-12 19:16:05:165"}
{"level":"warn","message":"This is a warn log","timestamp":"2022-05-12 19:16:05:165"}
{"level":"info","message":"This is a info log","timestamp":"2022-05-12 19:16:05:165"}
{"level":"http","message":"This is a http log","timestamp":"2022-05-12 19:16:05:165"}
{"level":"debug","message":"This is a debug log","timestamp":"2022-05-12 19:16:05:165"}
{"level":"http","message":"server listening on http://0.0.0.0:3000","timestamp":"2022-05-12 19:31:08:318"}
{"level":"error","message":"This is an error log","timestamp":"2022-05-12 19:31:37:3137"}
{"level":"warn","message":"This is a warn log","timestamp":"2022-05-12 19:31:37:3137"}
{"level":"info","message":"This is a info log","timestamp":"2022-05-12 19:31:37:3137"}
{"level":"http","message":"This is a http log","timestamp":"2022-05-12 19:31:37:3137"}
{"level":"debug","message":"This is a debug log","timestamp":"2022-05-12 19:31:37:3137"}
{"level":"error","message":"This is an error log","timestamp":"2022-05-12 19:31:39:3139"}
{"level":"warn","message":"This is a warn log","timestamp":"2022-05-12 19:31:39:3139"}
{"level":"info","message":"This is a info log","timestamp":"2022-05-12 19:31:39:3139"}
{"level":"http","message":"This is a http log","timestamp":"2022-05-12 19:31:39:3139"}
{"level":"debug","message":"This is a debug log","timestamp":"2022-05-12 19:31:39:3139"}
{"level":"error","message":"This is an error log","timestamp":"2022-05-12 19:31:39:3139"}
{"level":"warn","message":"This is a warn log","timestamp":"2022-05-12 19:31:39:3139"}
{"level":"info","message":"This is a info log","timestamp":"2022-05-12 19:31:39:3139"}
{"level":"http","message":"This is a http log","timestamp":"2022-05-12 19:31:39:3139"}
{"level":"debug","message":"This is a debug log","timestamp":"2022-05-12 19:31:39:3139"}
{"level":"error","message":"This is an error log","timestamp":"2022-05-12 19:31:39:3139"}
{"level":"warn","message":"This is a warn log","timestamp":"2022-05-12 19:31:39:3139"}
{"level":"info","message":"This is a info log","timestamp":"2022-05-12 19:31:39:3139"}
{"level":"http","message":"This is a http log","timestamp":"2022-05-12 19:31:39:3139"}
{"level":"debug","message":"This is a debug log","timestamp":"2022-05-12 19:31:39:3139"}
{"level":"error","message":"This is an error log","timestamp":"2022-05-12 19:31:39:3139"}
{"level":"warn","message":"This is a warn log","timestamp":"2022-05-12 19:31:39:3139"}
{"level":"info","message":"This is a info log","timestamp":"2022-05-12 19:31:39:3139"}
{"level":"http","message":"This is a http log","timestamp":"2022-05-12 19:31:39:3139"}
{"level":"debug","message":"This is a debug log","timestamp":"2022-05-12 19:31:39:3139"}
{"level":"error","message":"This is an error log","timestamp":"2022-05-12 19:31:40:3140"}
{"level":"warn","message":"This is a warn log","timestamp":"2022-05-12 19:31:40:3140"}
{"level":"info","message":"This is a info log","timestamp":"2022-05-12 19:31:40:3140"}
{"level":"http","message":"This is a http log","timestamp":"2022-05-12 19:31:40:3140"}
{"level":"debug","message":"This is a debug log","timestamp":"2022-05-12 19:31:40:3140"}
{"level":"http","message":"server listening on http://0.0.0.0:3000","timestamp":"2022-05-12 19:34:00:340"}
{"level":"error","message":"This is an error log","timestamp":"2022-05-12 19:34:01:341"}
{"level":"warn","message":"This is a warn log","timestamp":"2022-05-12 19:34:01:341"}
{"level":"info","message":"This is a info log","timestamp":"2022-05-12 19:34:01:341"}
{"level":"http","message":"This is a http log","timestamp":"2022-05-12 19:34:01:341"}
{"level":"debug","message":"This is a debug log","timestamp":"2022-05-12 19:34:01:341"}
{"level":"error","message":"This is an error log","timestamp":"2022-05-12 19:34:02:342"}
{"level":"warn","message":"This is a warn log","timestamp":"2022-05-12 19:34:02:342"}
{"level":"info","message":"This is a info log","timestamp":"2022-05-12 19:34:02:342"}
{"level":"http","message":"This is a http log","timestamp":"2022-05-12 19:34:02:342"}
{"level":"debug","message":"This is a debug log","timestamp":"2022-05-12 19:34:02:342"}
{"level":"error","message":"This is an error log","timestamp":"2022-05-12 19:34:02:342"}
{"level":"warn","message":"This is a warn log","timestamp":"2022-05-12 19:34:02:342"}
{"level":"info","message":"This is a info log","timestamp":"2022-05-12 19:34:02:342"}
{"level":"http","message":"This is a http log","timestamp":"2022-05-12 19:34:02:342"}
{"level":"debug","message":"This is a debug log","timestamp":"2022-05-12 19:34:02:342"}
{"level":"error","message":"This is an error log","timestamp":"2022-05-12 19:34:02:342"}
{"level":"warn","message":"This is a warn log","timestamp":"2022-05-12 19:34:02:342"}
{"level":"info","message":"This is a info log","timestamp":"2022-05-12 19:34:02:342"}
{"level":"http","message":"This is a http log","timestamp":"2022-05-12 19:34:02:342"}
{"level":"debug","message":"This is a debug log","timestamp":"2022-05-12 19:34:02:342"}
{"level":"error","message":"This is an error log","timestamp":"2022-05-12 19:34:02:342"}
{"level":"warn","message":"This is a warn log","timestamp":"2022-05-12 19:34:02:342"}
{"level":"info","message":"This is a info log","timestamp":"2022-05-12 19:34:02:342"}
{"level":"http","message":"This is a http log","timestamp":"2022-05-12 19:34:02:342"}
{"level":"debug","message":"This is a debug log","timestamp":"2022-05-12 19:34:02:342"}
{"level":"error","message":"This is an error log","timestamp":"2022-05-12 19:34:02:342"}
{"level":"warn","message":"This is a warn log","timestamp":"2022-05-12 19:34:02:342"}
{"level":"info","message":"This is a info log","timestamp":"2022-05-12 19:34:02:342"}
{"level":"http","message":"This is a http log","timestamp":"2022-05-12 19:34:02:342"}
{"level":"debug","message":"This is a debug log","timestamp":"2022-05-12 19:34:02:342"}
{"level":"error","message":"This is an error log","timestamp":"2022-05-12 19:34:03:343"}
{"level":"warn","message":"This is a warn log","timestamp":"2022-05-12 19:34:03:343"}
{"level":"info","message":"This is a info log","timestamp":"2022-05-12 19:34:03:343"}
{"level":"http","message":"This is a http log","timestamp":"2022-05-12 19:34:03:343"}
{"level":"debug","message":"This is a debug log","timestamp":"2022-05-12 19:34:03:343"}
{"level":"error","message":"This is an error log","timestamp":"2022-05-12 19:34:04:344"}
{"level":"warn","message":"This is a warn log","timestamp":"2022-05-12 19:34:04:344"}
{"level":"info","message":"This is a info log","timestamp":"2022-05-12 19:34:04:344"}
{"level":"http","message":"This is a http log","timestamp":"2022-05-12 19:34:04:344"}
{"level":"debug","message":"This is a debug log","timestamp":"2022-05-12 19:34:04:344"}
{"level":"error","message":"This is an error log","timestamp":"2022-05-12 19:34:04:344"}
{"level":"warn","message":"This is a warn log","timestamp":"2022-05-12 19:34:04:344"}
{"level":"info","message":"This is a info log","timestamp":"2022-05-12 19:34:04:344"}
{"level":"http","message":"This is a http log","timestamp":"2022-05-12 19:34:04:344"}
{"level":"debug","message":"This is a debug log","timestamp":"2022-05-12 19:34:04:344"}
{"level":"error","message":"This is an error log","timestamp":"2022-05-12 19:34:04:344"}
{"level":"warn","message":"This is a warn log","timestamp":"2022-05-12 19:34:04:344"}
{"level":"info","message":"This is a info log","timestamp":"2022-05-12 19:34:04:344"}
{"level":"http","message":"This is a http log","timestamp":"2022-05-12 19:34:04:344"}
{"level":"debug","message":"This is a debug log","timestamp":"2022-05-12 19:34:04:344"}
{"level":"error","message":"This is an error log","timestamp":"2022-05-12 19:34:05:345"}
{"level":"warn","message":"This is a warn log","timestamp":"2022-05-12 19:34:05:345"}
{"level":"info","message":"This is a info log","timestamp":"2022-05-12 19:34:05:345"}
{"level":"http","message":"This is a http log","timestamp":"2022-05-12 19:34:05:345"}
{"level":"debug","message":"This is a debug log","timestamp":"2022-05-12 19:34:05:345"}
{"level":"error","message":"This is an error log","timestamp":"2022-05-12 19:34:05:345"}
{"level":"warn","message":"This is a warn log","timestamp":"2022-05-12 19:34:05:345"}
{"level":"info","message":"This is a info log","timestamp":"2022-05-12 19:34:05:345"}
{"level":"http","message":"This is a http log","timestamp":"2022-05-12 19:34:05:345"}
{"level":"debug","message":"This is a debug log","timestamp":"2022-05-12 19:34:05:345"}
{"level":"error","message":"This is an error log","timestamp":"2022-05-12 19:34:05:345"}
{"level":"warn","message":"This is a warn log","timestamp":"2022-05-12 19:34:05:345"}
{"level":"info","message":"This is a info log","timestamp":"2022-05-12 19:34:05:345"}
{"level":"http","message":"This is a http log","timestamp":"2022-05-12 19:34:05:345"}
{"level":"debug","message":"This is a debug log","timestamp":"2022-05-12 19:34:05:345"}
{"level":"error","message":"This is an error log","timestamp":"2022-05-12 19:34:05:345"}
{"level":"warn","message":"This is a warn log","timestamp":"2022-05-12 19:34:05:345"}
{"level":"info","message":"This is a info log","timestamp":"2022-05-12 19:34:05:345"}
{"level":"http","message":"This is a http log","timestamp":"2022-05-12 19:34:05:345"}
{"level":"debug","message":"This is a debug log","timestamp":"2022-05-12 19:34:05:345"}
{"level":"error","message":"This is an error log","timestamp":"2022-05-12 19:34:05:345"}
{"level":"warn","message":"This is a warn log","timestamp":"2022-05-12 19:34:05:345"}
{"level":"info","message":"This is a info log","timestamp":"2022-05-12 19:34:05:345"}
{"level":"http","message":"This is a http log","timestamp":"2022-05-12 19:34:05:345"}
{"level":"debug","message":"This is a debug log","timestamp":"2022-05-12 19:34:05:345"}
{"level":"error","message":"This is an error log","timestamp":"2022-05-12 19:34:05:345"}
{"level":"warn","message":"This is a warn log","timestamp":"2022-05-12 19:34:05:345"}
{"level":"info","message":"This is a info log","timestamp":"2022-05-12 19:34:05:345"}
{"level":"http","message":"This is a http log","timestamp":"2022-05-12 19:34:05:345"}
{"level":"debug","message":"This is a debug log","timestamp":"2022-05-12 19:34:05:345"}
{"level":"error","message":"This is an error log","timestamp":"2022-05-12 19:34:06:346"}
{"level":"warn","message":"This is a warn log","timestamp":"2022-05-12 19:34:06:346"}
{"level":"info","message":"This is a info log","timestamp":"2022-05-12 19:34:06:346"}
{"level":"http","message":"This is a http log","timestamp":"2022-05-12 19:34:06:346"}
{"level":"debug","message":"This is a debug log","timestamp":"2022-05-12 19:34:06:346"}
{"level":"error","message":"This is an error log","timestamp":"2022-05-12 19:34:06:346"}
{"level":"warn","message":"This is a warn log","timestamp":"2022-05-12 19:34:06:346"}
{"level":"info","message":"This is a info log","timestamp":"2022-05-12 19:34:06:346"}
{"level":"http","message":"This is a http log","timestamp":"2022-05-12 19:34:06:346"}
{"level":"debug","message":"This is a debug log","timestamp":"2022-05-12 19:34:06:346"}
{"level":"error","message":"This is an error log","timestamp":"2022-05-12 19:34:06:346"}
{"level":"warn","message":"This is a warn log","timestamp":"2022-05-12 19:34:06:346"}
{"level":"info","message":"This is a info log","timestamp":"2022-05-12 19:34:06:346"}
{"level":"http","message":"This is a http log","timestamp":"2022-05-12 19:34:06:346"}
{"level":"debug","message":"This is a debug log","timestamp":"2022-05-12 19:34:06:346"}
{"level":"error","message":"This is an error log","timestamp":"2022-05-12 19:34:06:346"}
{"level":"warn","message":"This is a warn log","timestamp":"2022-05-12 19:34:06:346"}
{"level":"info","message":"This is a info log","timestamp":"2022-05-12 19:34:06:346"}
{"level":"http","message":"This is a http log","timestamp":"2022-05-12 19:34:06:346"}
{"level":"debug","message":"This is a debug log","timestamp":"2022-05-12 19:34:06:346"}
{"level":"error","message":"This is an error log","timestamp":"2022-05-12 19:34:06:346"}
{"level":"warn","message":"This is a warn log","timestamp":"2022-05-12 19:34:06:346"}
{"level":"info","message":"This is a info log","timestamp":"2022-05-12 19:34:06:346"}
{"level":"http","message":"This is a http log","timestamp":"2022-05-12 19:34:06:346"}
{"level":"debug","message":"This is a debug log","timestamp":"2022-05-12 19:34:06:346"}
{"level":"error","message":"This is an error log","timestamp":"2022-05-12 19:34:07:347"}
{"level":"warn","message":"This is a warn log","timestamp":"2022-05-12 19:34:07:347"}
{"level":"info","message":"This is a info log","timestamp":"2022-05-12 19:34:07:347"}
{"level":"http","message":"This is a http log","timestamp":"2022-05-12 19:34:07:347"}
{"level":"debug","message":"This is a debug log","timestamp":"2022-05-12 19:34:07:347"}
{"level":"error","message":"This is an error log","timestamp":"2022-05-12 19:34:07:347"}
{"level":"warn","message":"This is a warn log","timestamp":"2022-05-12 19:34:07:347"}
{"level":"info","message":"This is a info log","timestamp":"2022-05-12 19:34:07:347"}
{"level":"http","message":"This is a http log","timestamp":"2022-05-12 19:34:07:347"}
{"level":"debug","message":"This is a debug log","timestamp":"2022-05-12 19:34:07:347"}
{"level":"error","message":"This is an error log","timestamp":"2022-05-12 19:34:07:347"}
{"level":"warn","message":"This is a warn log","timestamp":"2022-05-12 19:34:07:347"}
{"level":"info","message":"This is a info log","timestamp":"2022-05-12 19:34:07:347"}
{"level":"http","message":"This is a http log","timestamp":"2022-05-12 19:34:07:347"}
{"level":"debug","message":"This is a debug log","timestamp":"2022-05-12 19:34:07:347"}
{"level":"error","message":"This is an error log","timestamp":"2022-05-12 19:34:07:347"}
{"level":"warn","message":"This is a warn log","timestamp":"2022-05-12 19:34:07:347"}
{"level":"info","message":"This is a info log","timestamp":"2022-05-12 19:34:07:347"}
{"level":"http","message":"This is a http log","timestamp":"2022-05-12 19:34:07:347"}
{"level":"debug","message":"This is a debug log","timestamp":"2022-05-12 19:34:07:347"}
{"level":"error","message":"This is an error log","timestamp":"2022-05-12 19:34:07:347"}
{"level":"warn","message":"This is a warn log","timestamp":"2022-05-12 19:34:07:347"}
{"level":"info","message":"This is a info log","timestamp":"2022-05-12 19:34:07:347"}
{"level":"http","message":"This is a http log","timestamp":"2022-05-12 19:34:07:347"}
{"level":"debug","message":"This is a debug log","timestamp":"2022-05-12 19:34:07:347"}
{"level":"error","message":"This is an error log","timestamp":"2022-05-12 19:34:07:347"}
{"level":"warn","message":"This is a warn log","timestamp":"2022-05-12 19:34:07:347"}
{"level":"info","message":"This is a info log","timestamp":"2022-05-12 19:34:07:347"}
{"level":"http","message":"This is a http log","timestamp":"2022-05-12 19:34:07:347"}
{"level":"debug","message":"This is a debug log","timestamp":"2022-05-12 19:34:07:347"}
{"level":"error","message":"This is an error log","timestamp":"2022-05-12 19:34:08:348"}
{"level":"warn","message":"This is a warn log","timestamp":"2022-05-12 19:34:08:348"}
{"level":"info","message":"This is a info log","timestamp":"2022-05-12 19:34:08:348"}
{"level":"http","message":"This is a http log","timestamp":"2022-05-12 19:34:08:348"}
{"level":"debug","message":"This is a debug log","timestamp":"2022-05-12 19:34:08:348"}
{"level":"error","message":"This is an error log","timestamp":"2022-05-12 19:34:08:348"}
{"level":"warn","message":"This is a warn log","timestamp":"2022-05-12 19:34:08:348"}
{"level":"info","message":"This is a info log","timestamp":"2022-05-12 19:34:08:348"}
{"level":"http","message":"This is a http log","timestamp":"2022-05-12 19:34:08:348"}
{"level":"debug","message":"This is a debug log","timestamp":"2022-05-12 19:34:08:348"}
{"level":"error","message":"This is an error log","timestamp":"2022-05-12 19:34:08:348"}
{"level":"warn","message":"This is a warn log","timestamp":"2022-05-12 19:34:08:348"}
{"level":"info","message":"This is a info log","timestamp":"2022-05-12 19:34:08:348"}
{"level":"http","message":"This is a http log","timestamp":"2022-05-12 19:34:08:348"}
{"level":"debug","message":"This is a debug log","timestamp":"2022-05-12 19:34:08:348"}
{"level":"error","message":"This is an error log","timestamp":"2022-05-12 19:34:08:348"}
{"level":"warn","message":"This is a warn log","timestamp":"2022-05-12 19:34:08:348"}
{"level":"info","message":"This is a info log","timestamp":"2022-05-12 19:34:08:348"}
{"level":"http","message":"This is a http log","timestamp":"2022-05-12 19:34:08:348"}
{"level":"debug","message":"This is a debug log","timestamp":"2022-05-12 19:34:08:348"}
{"level":"error","message":"This is an error log","timestamp":"2022-05-12 19:34:08:348"}
{"level":"warn","message":"This is a warn log","timestamp":"2022-05-12 19:34:08:348"}
{"level":"info","message":"This is a info log","timestamp":"2022-05-12 19:34:08:348"}
{"level":"http","message":"This is a http log","timestamp":"2022-05-12 19:34:08:348"}
{"level":"debug","message":"This is a debug log","timestamp":"2022-05-12 19:34:08:348"}
{"level":"error","message":"This is an error log","timestamp":"2022-05-12 19:34:09:349"}
{"level":"warn","message":"This is a warn log","timestamp":"2022-05-12 19:34:09:349"}
{"level":"info","message":"This is a info log","timestamp":"2022-05-12 19:34:09:349"}
{"level":"http","message":"This is a http log","timestamp":"2022-05-12 19:34:09:349"}
{"level":"debug","message":"This is a debug log","timestamp":"2022-05-12 19:34:09:349"}
{"level":"error","message":"This is an error log","timestamp":"2022-05-12 19:34:09:349"}
{"level":"warn","message":"This is a warn log","timestamp":"2022-05-12 19:34:09:349"}
{"level":"info","message":"This is a info log","timestamp":"2022-05-12 19:34:09:349"}
{"level":"http","message":"This is a http log","timestamp":"2022-05-12 19:34:09:349"}
{"level":"debug","message":"This is a debug log","timestamp":"2022-05-12 19:34:09:349"}
{"level":"error","message":"This is an error log","timestamp":"2022-05-12 19:34:09:349"}
{"level":"warn","message":"This is a warn log","timestamp":"2022-05-12 19:34:09:349"}
{"level":"info","message":"This is a info log","timestamp":"2022-05-12 19:34:09:349"}
{"level":"http","message":"This is a http log","timestamp":"2022-05-12 19:34:09:349"}
{"level":"debug","message":"This is a debug log","timestamp":"2022-05-12 19:34:09:349"}
{"level":"error","message":"This is an error log","timestamp":"2022-05-12 19:34:09:349"}
{"level":"warn","message":"This is a warn log","timestamp":"2022-05-12 19:34:09:349"}
{"level":"info","message":"This is a info log","timestamp":"2022-05-12 19:34:09:349"}
{"level":"http","message":"This is a http log","timestamp":"2022-05-12 19:34:09:349"}
{"level":"debug","message":"This is a debug log","timestamp":"2022-05-12 19:34:09:349"}
{"level":"error","message":"This is an error log","timestamp":"2022-05-12 19:34:09:349"}
{"level":"warn","message":"This is a warn log","timestamp":"2022-05-12 19:34:09:349"}
{"level":"info","message":"This is a info log","timestamp":"2022-05-12 19:34:09:349"}
{"level":"http","message":"This is a http log","timestamp":"2022-05-12 19:34:09:349"}
{"level":"debug","message":"This is a debug log","timestamp":"2022-05-12 19:34:09:349"}
{"level":"error","message":"This is an error log","timestamp":"2022-05-12 19:34:10:3410"}
{"level":"warn","message":"This is a warn log","timestamp":"2022-05-12 19:34:10:3410"}
{"level":"info","message":"This is a info log","timestamp":"2022-05-12 19:34:10:3410"}
{"level":"http","message":"This is a http log","timestamp":"2022-05-12 19:34:10:3410"}
{"level":"debug","message":"This is a debug log","timestamp":"2022-05-12 19:34:10:3410"}
{"level":"error","message":"This is an error log","timestamp":"2022-05-12 19:34:10:3410"}
{"level":"warn","message":"This is a warn log","timestamp":"2022-05-12 19:34:10:3410"}
{"level":"info","message":"This is a info log","timestamp":"2022-05-12 19:34:10:3410"}
{"level":"http","message":"This is a http log","timestamp":"2022-05-12 19:34:10:3410"}
{"level":"debug","message":"This is a debug log","timestamp":"2022-05-12 19:34:10:3410"}
{"level":"error","message":"This is an error log","timestamp":"2022-05-12 19:34:10:3410"}
{"level":"warn","message":"This is a warn log","timestamp":"2022-05-12 19:34:10:3410"}
{"level":"info","message":"This is a info log","timestamp":"2022-05-12 19:34:10:3410"}
{"level":"http","message":"This is a http log","timestamp":"2022-05-12 19:34:10:3410"}
{"level":"debug","message":"This is a debug log","timestamp":"2022-05-12 19:34:10:3410"}
{"level":"error","message":"This is an error log","timestamp":"2022-05-12 19:34:10:3410"}
{"level":"warn","message":"This is a warn log","timestamp":"2022-05-12 19:34:10:3410"}
{"level":"info","message":"This is a info log","timestamp":"2022-05-12 19:34:10:3410"}
{"level":"http","message":"This is a http log","timestamp":"2022-05-12 19:34:10:3410"}
{"level":"debug","message":"This is a debug log","timestamp":"2022-05-12 19:34:10:3410"}
{"level":"error","message":"This is an error log","timestamp":"2022-05-12 19:34:10:3410"}
{"level":"warn","message":"This is a warn log","timestamp":"2022-05-12 19:34:10:3410"}
{"level":"info","message":"This is a info log","timestamp":"2022-05-12 19:34:10:3410"}
{"level":"http","message":"This is a http log","timestamp":"2022-05-12 19:34:10:3410"}
{"level":"debug","message":"This is a debug log","timestamp":"2022-05-12 19:34:10:3410"}
{"level":"error","message":"This is an error log","timestamp":"2022-05-12 19:34:11:3411"}
{"level":"warn","message":"This is a warn log","timestamp":"2022-05-12 19:34:11:3411"}
{"level":"info","message":"This is a info log","timestamp":"2022-05-12 19:34:11:3411"}
{"level":"http","message":"This is a http log","timestamp":"2022-05-12 19:34:11:3411"}
{"level":"debug","message":"This is a debug log","timestamp":"2022-05-12 19:34:11:3411"}
{"level":"error","message":"This is an error log","timestamp":"2022-05-12 19:34:11:3411"}
{"level":"warn","message":"This is a warn log","timestamp":"2022-05-12 19:34:11:3411"}
{"level":"info","message":"This is a info log","timestamp":"2022-05-12 19:34:11:3411"}
{"level":"http","message":"This is a http log","timestamp":"2022-05-12 19:34:11:3411"}
{"level":"debug","message":"This is a debug log","timestamp":"2022-05-12 19:34:11:3411"}
{"level":"error","message":"This is an error log","timestamp":"2022-05-12 19:34:11:3411"}
{"level":"warn","message":"This is a warn log","timestamp":"2022-05-12 19:34:11:3411"}
{"level":"info","message":"This is a info log","timestamp":"2022-05-12 19:34:11:3411"}
{"level":"http","message":"This is a http log","timestamp":"2022-05-12 19:34:11:3411"}
{"level":"debug","message":"This is a debug log","timestamp":"2022-05-12 19:34:11:3411"}
{"level":"error","message":"This is an error log","timestamp":"2022-05-12 19:34:11:3411"}
{"level":"warn","message":"This is a warn log","timestamp":"2022-05-12 19:34:11:3411"}
{"level":"info","message":"This is a info log","timestamp":"2022-05-12 19:34:11:3411"}
{"level":"http","message":"This is a http log","timestamp":"2022-05-12 19:34:11:3411"}
{"level":"debug","message":"This is a debug log","timestamp":"2022-05-12 19:34:11:3411"}
{"level":"error","message":"This is an error log","timestamp":"2022-05-12 19:34:11:3411"}
{"level":"warn","message":"This is a warn log","timestamp":"2022-05-12 19:34:11:3411"}
{"level":"info","message":"This is a info log","timestamp":"2022-05-12 19:34:11:3411"}
{"level":"http","message":"This is a http log","timestamp":"2022-05-12 19:34:11:3411"}
{"level":"debug","message":"This is a debug log","timestamp":"2022-05-12 19:34:11:3411"}
{"level":"error","message":"This is an error log","timestamp":"2022-05-12 19:34:11:3411"}
{"level":"warn","message":"This is a warn log","timestamp":"2022-05-12 19:34:11:3411"}
{"level":"info","message":"This is a info log","timestamp":"2022-05-12 19:34:11:3411"}
{"level":"http","message":"This is a http log","timestamp":"2022-05-12 19:34:11:3411"}
{"level":"debug","message":"This is a debug log","timestamp":"2022-05-12 19:34:11:3411"}
{"level":"error","message":"This is an error log","timestamp":"2022-05-12 19:34:12:3412"}
{"level":"warn","message":"This is a warn log","timestamp":"2022-05-12 19:34:12:3412"}
{"level":"info","message":"This is a info log","timestamp":"2022-05-12 19:34:12:3412"}
{"level":"http","message":"This is a http log","timestamp":"2022-05-12 19:34:12:3412"}
{"level":"debug","message":"This is a debug log","timestamp":"2022-05-12 19:34:12:3412"}
{"level":"error","message":"This is an error log","timestamp":"2022-05-12 19:34:12:3412"}
{"level":"warn","message":"This is a warn log","timestamp":"2022-05-12 19:34:12:3412"}
{"level":"info","message":"This is a info log","timestamp":"2022-05-12 19:34:12:3412"}
{"level":"http","message":"This is a http log","timestamp":"2022-05-12 19:34:12:3412"}
{"level":"debug","message":"This is a debug log","timestamp":"2022-05-12 19:34:12:3412"}
{"level":"error","message":"This is an error log","timestamp":"2022-05-12 19:34:12:3412"}
{"level":"warn","message":"This is a warn log","timestamp":"2022-05-12 19:34:12:3412"}
{"level":"info","message":"This is a info log","timestamp":"2022-05-12 19:34:12:3412"}
{"level":"http","message":"This is a http log","timestamp":"2022-05-12 19:34:12:3412"}
{"level":"debug","message":"This is a debug log","timestamp":"2022-05-12 19:34:12:3412"}
{"level":"error","message":"This is an error log","timestamp":"2022-05-12 19:34:12:3412"}
{"level":"warn","message":"This is a warn log","timestamp":"2022-05-12 19:34:12:3412"}
{"level":"info","message":"This is a info log","timestamp":"2022-05-12 19:34:12:3412"}
{"level":"http","message":"This is a http log","timestamp":"2022-05-12 19:34:12:3412"}
{"level":"debug","message":"This is a debug log","timestamp":"2022-05-12 19:34:12:3412"}
{"level":"http","message":"server listening on http://0.0.0.0:3000","timestamp":"2022-05-12 19:34:19:3419"}
{"level":"http","message":"server listening on http://0.0.0.0:3000","timestamp":"2022-05-12 19:34:25:3425"}
{"level":"error","message":"This is an error log","timestamp":"2022-05-12 19:34:25:3425"}
{"level":"warn","message":"This is a warn log","timestamp":"2022-05-12 19:34:25:3425"}
{"level":"info","message":"This is a info log","timestamp":"2022-05-12 19:34:25:3425"}
{"level":"http","message":"This is a http log","timestamp":"2022-05-12 19:34:25:3425"}
{"level":"debug","message":"This is a debug log","timestamp":"2022-05-12 19:34:25:3425"}
{"level":"error","message":"This is an error log","timestamp":"2022-05-12 19:34:26:3426"}
{"level":"warn","message":"This is a warn log","timestamp":"2022-05-12 19:34:26:3426"}
{"level":"info","message":"This is a info log","timestamp":"2022-05-12 19:34:26:3426"}
{"level":"http","message":"This is a http log","timestamp":"2022-05-12 19:34:26:3426"}
{"level":"debug","message":"This is a debug log","timestamp":"2022-05-12 19:34:26:3426"}
{"level":"error","message":"This is an error log","timestamp":"2022-05-12 19:34:26:3426"}
{"level":"warn","message":"This is a warn log","timestamp":"2022-05-12 19:34:26:3426"}
{"level":"info","message":"This is a info log","timestamp":"2022-05-12 19:34:26:3426"}
{"level":"http","message":"This is a http log","timestamp":"2022-05-12 19:34:26:3426"}
{"level":"debug","message":"This is a debug log","timestamp":"2022-05-12 19:34:26:3426"}
{"level":"error","message":"This is an error log","timestamp":"2022-05-12 19:34:26:3426"}
{"level":"warn","message":"This is a warn log","timestamp":"2022-05-12 19:34:26:3426"}
{"level":"info","message":"This is a info log","timestamp":"2022-05-12 19:34:26:3426"}
{"level":"http","message":"This is a http log","timestamp":"2022-05-12 19:34:26:3426"}
{"level":"debug","message":"This is a debug log","timestamp":"2022-05-12 19:34:26:3426"}
{"level":"error","message":"This is an error log","timestamp":"2022-05-12 19:34:26:3426"}
{"level":"warn","message":"This is a warn log","timestamp":"2022-05-12 19:34:26:3426"}
{"level":"info","message":"This is a info log","timestamp":"2022-05-12 19:34:26:3426"}
{"level":"http","message":"This is a http log","timestamp":"2022-05-12 19:34:26:3426"}
{"level":"debug","message":"This is a debug log","timestamp":"2022-05-12 19:34:26:3426"}
{"level":"error","message":"This is an error log","timestamp":"2022-05-12 19:34:27:3427"}
{"level":"warn","message":"This is a warn log","timestamp":"2022-05-12 19:34:27:3427"}
{"level":"info","message":"This is a info log","timestamp":"2022-05-12 19:34:27:3427"}
{"level":"http","message":"This is a http log","timestamp":"2022-05-12 19:34:27:3427"}
{"level":"debug","message":"This is a debug log","timestamp":"2022-05-12 19:34:27:3427"}
{"level":"error","message":"This is an error log","timestamp":"2022-05-12 19:34:27:3427"}
{"level":"warn","message":"This is a warn log","timestamp":"2022-05-12 19:34:27:3427"}
{"level":"info","message":"This is a info log","timestamp":"2022-05-12 19:34:27:3427"}
{"level":"http","message":"This is a http log","timestamp":"2022-05-12 19:34:27:3427"}
{"level":"debug","message":"This is a debug log","timestamp":"2022-05-12 19:34:27:3427"}
{"level":"error","message":"This is an error log","timestamp":"2022-05-12 19:34:27:3427"}
{"level":"warn","message":"This is a warn log","timestamp":"2022-05-12 19:34:27:3427"}
{"level":"info","message":"This is a info log","timestamp":"2022-05-12 19:34:27:3427"}
{"level":"http","message":"This is a http log","timestamp":"2022-05-12 19:34:27:3427"}
{"level":"debug","message":"This is a debug log","timestamp":"2022-05-12 19:34:27:3427"}
{"level":"error","message":"This is an error log","timestamp":"2022-05-12 19:34:27:3427"}
{"level":"warn","message":"This is a warn log","timestamp":"2022-05-12 19:34:27:3427"}
{"level":"info","message":"This is a info log","timestamp":"2022-05-12 19:34:27:3427"}
{"level":"http","message":"This is a http log","timestamp":"2022-05-12 19:34:27:3427"}
{"level":"debug","message":"This is a debug log","timestamp":"2022-05-12 19:34:27:3427"}
{"level":"error","message":"This is an error log","timestamp":"2022-05-12 19:34:27:3427"}
{"level":"warn","message":"This is a warn log","timestamp":"2022-05-12 19:34:27:3427"}
{"level":"info","message":"This is a info log","timestamp":"2022-05-12 19:34:27:3427"}
{"level":"http","message":"This is a http log","timestamp":"2022-05-12 19:34:27:3427"}
{"level":"debug","message":"This is a debug log","timestamp":"2022-05-12 19:34:27:3427"}
{"level":"error","message":"This is an error log","timestamp":"2022-05-12 19:34:27:3427"}
{"level":"warn","message":"This is a warn log","timestamp":"2022-05-12 19:34:27:3427"}
{"level":"info","message":"This is a info log","timestamp":"2022-05-12 19:34:27:3427"}
{"level":"http","message":"This is a http log","timestamp":"2022-05-12 19:34:27:3427"}
{"level":"debug","message":"This is a debug log","timestamp":"2022-05-12 19:34:27:3427"}
{"level":"error","message":"This is an error log","timestamp":"2022-05-12 19:34:28:3428"}
{"level":"warn","message":"This is a warn log","timestamp":"2022-05-12 19:34:28:3428"}
{"level":"info","message":"This is a info log","timestamp":"2022-05-12 19:34:28:3428"}
{"level":"http","message":"This is a http log","timestamp":"2022-05-12 19:34:28:3428"}
{"level":"debug","message":"This is a debug log","timestamp":"2022-05-12 19:34:28:3428"}
{"level":"error","message":"This is an error log","timestamp":"2022-05-12 19:34:28:3428"}
{"level":"warn","message":"This is a warn log","timestamp":"2022-05-12 19:34:28:3428"}
{"level":"info","message":"This is a info log","timestamp":"2022-05-12 19:34:28:3428"}
{"level":"http","message":"This is a http log","timestamp":"2022-05-12 19:34:28:3428"}
{"level":"debug","message":"This is a debug log","timestamp":"2022-05-12 19:34:28:3428"}
{"level":"error","message":"This is an error log","timestamp":"2022-05-12 19:34:28:3428"}
{"level":"warn","message":"This is a warn log","timestamp":"2022-05-12 19:34:28:3428"}
{"level":"info","message":"This is a info log","timestamp":"2022-05-12 19:34:28:3428"}
{"level":"http","message":"This is a http log","timestamp":"2022-05-12 19:34:28:3428"}
{"level":"debug","message":"This is a debug log","timestamp":"2022-05-12 19:34:28:3428"}
{"level":"error","message":"This is an error log","timestamp":"2022-05-12 19:34:28:3428"}
{"level":"warn","message":"This is a warn log","timestamp":"2022-05-12 19:34:28:3428"}
{"level":"info","message":"This is a info log","timestamp":"2022-05-12 19:34:28:3428"}
{"level":"http","message":"This is a http log","timestamp":"2022-05-12 19:34:28:3428"}
{"level":"debug","message":"This is a debug log","timestamp":"2022-05-12 19:34:28:3428"}
{"level":"error","message":"This is an error log","timestamp":"2022-05-12 19:34:28:3428"}
{"level":"warn","message":"This is a warn log","timestamp":"2022-05-12 19:34:28:3428"}
{"level":"info","message":"This is a info log","timestamp":"2022-05-12 19:34:28:3428"}
{"level":"http","message":"This is a http log","timestamp":"2022-05-12 19:34:28:3428"}
{"level":"debug","message":"This is a debug log","timestamp":"2022-05-12 19:34:28:3428"}
{"level":"http","message":"server listening on http://0.0.0.0:3000","timestamp":"2022-05-12 19:42:38:4238"}
{"level":"http","message":"server listening on http://0.0.0.0:3000","timestamp":"2022-05-12 19:43:44:4344"}
{"level":"http","message":"server listening on http://0.0.0.0:3000","timestamp":"2022-05-12 19:44:54:4454"}
{"level":"http","message":"server listening on http://0.0.0.0:3000","timestamp":"2022-05-12 19:45:57:4557"}
{"level":"http","message":"server listening on http://0.0.0.0:3000","timestamp":"2022-05-12 19:47:13:4713"}
{"level":"http","message":"server listening on http://0.0.0.0:3000","timestamp":"2022-05-13 00:07:49:749"}
{"level":"http","message":"server listening on http://0.0.0.0:3000","timestamp":"2022-05-13 00:40:56:4056"}
{"level":"http","message":"server listening on http://0.0.0.0:3000","timestamp":"2022-05-13 00:45:02:452"}
{"level":"http","message":"server listening on http://0.0.0.0:3000","timestamp":"2022-05-13 00:57:58:5758"}
