{"level":"warn","message": "Server NODEAPI  is starting on mode production","Date":"2022-05-16 20:55:03","originServer":"a77d602c412a"}
{"level":"warn","message": "Server consumerCreateUpdateRegister is starting on mode production","Date":"2022-05-16 20:55:05","originServer":"42217a62696b"}
{"level":"warn","message": "Server consumerCancelRegister is starting on mode production","Date":"2022-05-16 20:55:05","originServer":"1edd429315d6"}
{"level":"warn","message": "Server NODEAPI  is starting on mode production","Date":"2022-05-16 20:58:02","originServer":"a77d602c412a"}
{"level":"warn","message": "Server consumerCreateUpdateRegister is starting on mode production","Date":"2022-05-16 20:58:04","originServer":"42217a62696b"}
{"level":"warn","message": "Server consumerCancelRegister is starting on mode production","Date":"2022-05-16 20:58:04","originServer":"1edd429315d6"}
{"level":"warn","message": "Server NODEAPI  is starting on mode production","Date":"2022-05-16 21:11:24","originServer":"a77d602c412a"}
{"level":"warn","message": "Server consumerCancelRegister is starting on mode production","Date":"2022-05-16 21:11:25","originServer":"1edd429315d6"}
{"level":"warn","message": "Server NODEAPI  is starting on mode production","Date":"2022-05-16 21:12:34","originServer":"a77d602c412a"}
{"level":"warn","message": "Server consumerCancelRegister is starting on mode production","Date":"2022-05-16 21:12:36","originServer":"1edd429315d6"}
{"level":"warn","message": "Server consumerCreateUpdateRegister is starting on mode production","Date":"2022-05-16 21:12:59","originServer":"42217a62696b"}
{"level":"warn","message": "Server consumerCreateUpdateRegister is starting on mode production","Date":"2022-05-17 03:19:47","originServer":"42217a62696b"}
{"level":"warn","message": "Server consumerCancelRegister is starting on mode production","Date":"2022-05-17 03:19:47","originServer":"1edd429315d6"}
{"level":"warn","message": "Server consumerCreateUpdateRegister is starting on mode production","Date":"2022-05-17 04:15:00","originServer":"42217a62696b"}
{"level":"warn","message": "Server consumerCancelRegister is starting on mode production","Date":"2022-05-17 04:15:01","originServer":"1edd429315d6"}
{"level":"warn","message": "Server consumerCancelRegister is starting on mode production","Date":"2022-05-17 04:19:17","originServer":"1edd429315d6"}
{"level":"warn","message": "Server consumerCreateUpdateRegister is starting on mode production","Date":"2022-05-17 04:19:17","originServer":"42217a62696b"}
{"level":"warn","message": "Server consumerCreateUpdateRegister is starting on mode production","Date":"2022-05-17 04:21:42","originServer":"42217a62696b"}
{"level":"warn","message": "Server consumerCancelRegister is starting on mode production","Date":"2022-05-17 04:21:43","originServer":"1edd429315d6"}
{"level":"warn","message": "Server consumerCreateUpdateRegister is starting on mode production","Date":"2022-05-17 04:35:07","originServer":"42217a62696b"}
{"level":"warn","message": "Server consumerCancelRegister is starting on mode production","Date":"2022-05-17 04:35:07","originServer":"1edd429315d6"}
{"level":"warn","message": "Server consumerCreateUpdateRegister is starting on mode production","Date":"2022-05-17 04:45:52","originServer":"42217a62696b"}
{"level":"warn","message": "Server consumerCancelRegister is starting on mode production","Date":"2022-05-17 04:45:52","originServer":"1edd429315d6"}
{"level":"warn","message": "Server consumerCreateUpdateRegister is starting on mode production","Date":"2022-05-17 04:51:43","originServer":"42217a62696b"}
{"level":"warn","message": "Server consumerCancelRegister is starting on mode production","Date":"2022-05-17 04:51:43","originServer":"1edd429315d6"}
{"level":"warn","message": "Server consumerCancelRegister is starting on mode production","Date":"2022-05-17 04:55:44","originServer":"1edd429315d6"}
{"level":"warn","message": "Server consumerCancelRegister is starting on mode production","Date":"2022-05-17 04:57:27","originServer":"1edd429315d6"}
{"level":"warn","message": "Server consumerCancelRegister is starting on mode production","Date":"2022-05-17 04:59:27","originServer":"1edd429315d6"}
{"level":"warn","message": "Server consumerCancelRegister is starting on mode production","Date":"2022-05-17 05:00:29","originServer":"1edd429315d6"}
{"level":"warn","message": "Server consumerCreateUpdateRegister is starting on mode production","Date":"2022-05-17 05:00:30","originServer":"42217a62696b"}
{"level":"warn","message": "Server consumerCreateUpdateRegister is starting on mode production","Date":"2022-05-17 05:06:09","originServer":"42217a62696b"}
{"level":"warn","message": "Server consumerCancelRegister is starting on mode production","Date":"2022-05-17 05:06:10","originServer":"1edd429315d6"}
{"level":"warn","message": "Server consumerCreateUpdateRegister is starting on mode production","Date":"2022-05-17 05:10:28","originServer":"42217a62696b"}
{"level":"warn","message": "Server consumerCancelRegister is starting on mode production","Date":"2022-05-17 05:10:29","originServer":"1edd429315d6"}
{"level":"warn","message": "ALERT - Primary 61 is started ","Date":"2022-05-17 05:15:00","originServer":"a77d602c412a"}
{"level":"warn","message": "Server NODEAPI  is starting on mode production","Date":"2022-05-17 05:15:01","originServer":"a77d602c412a"}
{"level":"warn","message": "Server NODEAPI  is starting on mode production","Date":"2022-05-17 05:15:01","originServer":"a77d602c412a"}
{"level":"warn","message": "Server NODEAPI  is starting on mode production","Date":"2022-05-17 05:15:01","originServer":"a77d602c412a"}
{"level":"warn","message": "Server NODEAPI  is starting on mode production","Date":"2022-05-17 05:15:01","originServer":"a77d602c412a"}
{"level":"warn","message": "Server NODEAPI  is starting on mode production","Date":"2022-05-17 05:15:01","originServer":"a77d602c412a"}
{"level":"warn","message": "Server NODEAPI  is starting on mode production","Date":"2022-05-17 05:15:01","originServer":"a77d602c412a"}
{"level":"warn","message": "Server NODEAPI  is starting on mode production","Date":"2022-05-17 05:15:01","originServer":"a77d602c412a"}
{"level":"warn","message": "Server NODEAPI  is starting on mode production","Date":"2022-05-17 05:15:01","originServer":"a77d602c412a"}
{"level":"warn","message": "Server NODEAPI  is starting on mode production","Date":"2022-05-17 05:15:01","originServer":"a77d602c412a"}
{"level":"warn","message": "Server NODEAPI  is starting on mode production","Date":"2022-05-17 05:15:01","originServer":"a77d602c412a"}
{"level":"warn","message": "Server NODEAPI  is starting on mode production","Date":"2022-05-17 05:15:01","originServer":"a77d602c412a"}
{"level":"warn","message": "Server NODEAPI  is starting on mode production","Date":"2022-05-17 05:15:01","originServer":"a77d602c412a"}
{"level":"warn","message": "Server NODEAPI  is starting on mode production","Date":"2022-05-17 05:15:01","originServer":"a77d602c412a"}
{"level":"warn","message": "Server NODEAPI  is starting on mode production","Date":"2022-05-17 05:15:01","originServer":"a77d602c412a"}
{"level":"warn","message": "Server NODEAPI  is starting on mode production","Date":"2022-05-17 05:15:01","originServer":"a77d602c412a"}
{"level":"warn","message": "Server NODEAPI  is starting on mode production","Date":"2022-05-17 05:15:01","originServer":"a77d602c412a"}
{"level":"warn","message": "Server consumerCreateUpdateRegister is starting on mode production","Date":"2022-05-17 05:15:03","originServer":"42217a62696b"}
{"level":"warn","message": "Server consumerCancelRegister is starting on mode production","Date":"2022-05-17 05:15:03","originServer":"1edd429315d6"}
{"level":"warn","message": " ALERT => SIGTERM - fastifyServer successfully closed!","Date":"2022-05-17 05:34:04","originServer":"a77d602c412a"}
{"level":"warn","message": "Server NODEAPI  is starting on mode production","Date":"2022-05-17 05:34:04","originServer":"a77d602c412a"}
{"level":"warn","message": " ALERT => SIGTERM - fastifyServer successfully closed!","Date":"2022-05-17 05:35:27","originServer":"a77d602c412a"}
{"level":"warn","message": "Server NODEAPI  is starting on mode production","Date":"2022-05-17 05:35:27","originServer":"a77d602c412a"}
{"level":"warn","message": " ALERT => SIGTERM - fastifyServer successfully closed!","Date":"2022-05-17 05:35:44","originServer":"a77d602c412a"}
{"level":"warn","message": "Server NODEAPI  is starting on mode production","Date":"2022-05-17 05:35:44","originServer":"a77d602c412a"}
